d:\projects\visual studio\source\repos\telemed\telemed\x64\debug\vc143.pdb
d:\projects\visual studio\source\repos\telemed\telemed\x64\debug\vc143.idb
d:\projects\visual studio\source\repos\telemed\telemed\x64\debug\telemed.obj
d:\projects\visual studio\source\repos\telemed\telemed\x64\debug\keyboard.obj
d:\projects\visual studio\source\repos\telemed\telemed\x64\debug\botcmd.obj
d:\projects\visual studio\source\repos\telemed\x64\debug\telemed.exe
d:\projects\visual studio\source\repos\telemed\x64\debug\telemed.pdb
d:\projects\visual studio\source\repos\telemed\x64\debug\tgbot.dll
d:\projects\visual studio\source\repos\telemed\x64\debug\libssl-3-x64.dll
d:\projects\visual studio\source\repos\telemed\x64\debug\libcrypto-3-x64.dll
d:\projects\visual studio\source\repos\telemed\x64\debug\libcurl-d.dll
d:\projects\visual studio\source\repos\telemed\x64\debug\zlibd1.dll
d:\projects\visual studio\source\repos\telemed\telemed\x64\debug\telemed.ilk
d:\projects\visual studio\source\repos\telemed\telemed\x64\debug\telemed.tlog\cl.command.1.tlog
d:\projects\visual studio\source\repos\telemed\telemed\x64\debug\telemed.tlog\cl.items.tlog
d:\projects\visual studio\source\repos\telemed\telemed\x64\debug\telemed.tlog\cl.read.1.tlog
d:\projects\visual studio\source\repos\telemed\telemed\x64\debug\telemed.tlog\cl.write.1.tlog
d:\projects\visual studio\source\repos\telemed\telemed\x64\debug\telemed.tlog\link.command.1.tlog
d:\projects\visual studio\source\repos\telemed\telemed\x64\debug\telemed.tlog\link.read.1.tlog
d:\projects\visual studio\source\repos\telemed\telemed\x64\debug\telemed.tlog\link.secondary.1.tlog
d:\projects\visual studio\source\repos\telemed\telemed\x64\debug\telemed.tlog\link.write.1.tlog
d:\projects\visual studio\source\repos\telemed\telemed\x64\debug\telemed.tlog\telemed.write.1u.tlog
